<?xml version="1.0" encoding="UTF-8"?>
<!-- Generated by org.testng.reporters.JUnitXMLReporter -->
<testsuite ignored="0" hostname="QT-INBG-LT0267" failures="0" tests="6" name="Test" time="99.171" errors="0" timestamp="2022-07-21T18:48:58 IST">
  <testcase classname="SignUp.sign_up1" name="SignupPage" time="19.8"/>
  <testcase classname="SignUp.sign_up1" name="SignupPage" time="17.325"/>
  <testcase classname="SignUp.sign_up1" name="SignupPage" time="17.657"/>
  <testcase classname="SignUp.e_t_e" name="end" time="14.432"/>
  <testcase classname="SignUp.support_order" name="order" time="18.668"/>
  <testcase classname="SignUp.support" name="contactUS" time="11.204"/>
</testsuite> <!-- Test -->
