<?xml version="1.0" encoding="UTF-8"?>
<testng-results ignored="0" total="6" passed="6" failed="0" skipped="0">
  <reporter-output>
  </reporter-output>
  <suite started-at="2022-07-21T18:47:19 IST" name="Suite" finished-at="2022-07-21T18:48:58 IST" duration-ms="99171">
    <groups>
    </groups>
    <test started-at="2022-07-21T18:47:19 IST" name="Test" finished-at="2022-07-21T18:48:58 IST" duration-ms="99171">
      <class name="SignUp.sign_up1">
        <test-method signature="SignupPage(java.lang.String,java.lang.String,java.lang.String,java.lang.String,java.lang.String,java.lang.String)[pri:1, instance:SignUp.sign_up1@7ed7259e]" started-at="2022-07-21T18:47:19 IST" name="SignupPage" data-provider="SignUpdata" finished-at="2022-07-21T18:47:38 IST" duration-ms="19800" status="PASS">
          <params>
            <param index="0">
              <value>
                <![CDATA[Tomthecat]]>
              </value>
            </param>
            <param index="1">
              <value>
                <![CDATA[Jerry]]>
              </value>
            </param>
            <param index="2">
              <value>
                <![CDATA[Tomandjerry]]>
              </value>
            </param>
            <param index="3">
              <value>
                <![CDATA[abcd@gmail.com]]>
              </value>
            </param>
            <param index="4">
              <value>
                <![CDATA[9876543210]]>
              </value>
            </param>
            <param index="5">
              <value>
                <![CDATA[hi there]]>
              </value>
            </param>
          </params>
          <reporter-output>
          </reporter-output>
        </test-method> <!-- SignupPage -->
        <test-method signature="SignupPage(java.lang.String,java.lang.String,java.lang.String,java.lang.String,java.lang.String,java.lang.String)[pri:1, instance:SignUp.sign_up1@7ed7259e]" started-at="2022-07-21T18:47:38 IST" name="SignupPage" data-provider="SignUpdata" finished-at="2022-07-21T18:47:56 IST" duration-ms="17325" status="PASS">
          <params>
            <param index="0">
              <value>
                <![CDATA[Black]]>
              </value>
            </param>
            <param index="1">
              <value>
                <![CDATA[Panther]]>
              </value>
            </param>
            <param index="2">
              <value>
                <![CDATA[Panther]]>
              </value>
            </param>
            <param index="3">
              <value>
                <![CDATA[abcd_@gmail.com]]>
              </value>
            </param>
            <param index="4">
              <value>
                <![CDATA[987654321]]>
              </value>
            </param>
            <param index="5">
              <value>
                <![CDATA[hi there]]>
              </value>
            </param>
          </params>
          <reporter-output>
          </reporter-output>
        </test-method> <!-- SignupPage -->
        <test-method signature="SignupPage(java.lang.String,java.lang.String,java.lang.String,java.lang.String,java.lang.String,java.lang.String)[pri:1, instance:SignUp.sign_up1@7ed7259e]" started-at="2022-07-21T18:47:56 IST" name="SignupPage" data-provider="SignUpdata" finished-at="2022-07-21T18:48:13 IST" duration-ms="17657" status="PASS">
          <params>
            <param index="0">
              <value>
                <![CDATA[Captian]]>
              </value>
            </param>
            <param index="1">
              <value>
                <![CDATA[America]]>
              </value>
            </param>
            <param index="2">
              <value>
                <![CDATA[Marvel]]>
              </value>
            </param>
            <param index="3">
              <value>
                <![CDATA[abcda@Yahoo.com]]>
              </value>
            </param>
            <param index="4">
              <value>
                <![CDATA[987654321]]>
              </value>
            </param>
            <param index="5">
              <value>
                <![CDATA[hi there]]>
              </value>
            </param>
          </params>
          <reporter-output>
          </reporter-output>
        </test-method> <!-- SignupPage -->
      </class> <!-- SignUp.sign_up1 -->
      <class name="SignUp.support_order">
        <test-method signature="order(java.lang.String,java.lang.String,java.lang.String,java.lang.String,java.lang.String,java.lang.String,java.lang.String,java.lang.String,java.lang.String)[pri:0, instance:SignUp.support_order@708f5957]" started-at="2022-07-21T18:48:28 IST" name="order" data-provider="orderData" finished-at="2022-07-21T18:48:46 IST" duration-ms="18668" status="PASS">
          <params>
            <param index="0">
              <value>
                <![CDATA[Tom]]>
              </value>
            </param>
            <param index="1">
              <value>
                <![CDATA[Jerry]]>
              </value>
            </param>
            <param index="2">
              <value>
                <![CDATA[tom_j@gmail.com]]>
              </value>
            </param>
            <param index="3">
              <value>
                <![CDATA[tomjer]]>
              </value>
            </param>
            <param index="4">
              <value>
                <![CDATA[0987654321]]>
              </value>
            </param>
            <param index="5">
              <value>
                <![CDATA[california]]>
              </value>
            </param>
            <param index="6">
              <value>
                <![CDATA[lv]]>
              </value>
            </param>
            <param index="7">
              <value>
                <![CDATA[Newyork]]>
              </value>
            </param>
            <param index="8">
              <value>
                <![CDATA[3]]>
              </value>
            </param>
          </params>
          <reporter-output>
          </reporter-output>
        </test-method> <!-- order -->
      </class> <!-- SignUp.support_order -->
      <class name="SignUp.support">
        <test-method signature="contactUS()[pri:0, instance:SignUp.support@68999068]" started-at="2022-07-21T18:48:46 IST" name="contactUS" finished-at="2022-07-21T18:48:58 IST" duration-ms="11204" status="PASS">
          <reporter-output>
          </reporter-output>
        </test-method> <!-- contactUS -->
      </class> <!-- SignUp.support -->
      <class name="SignUp.e_t_e">
        <test-method signature="end(java.lang.String,java.lang.String,java.lang.String,java.lang.String,java.lang.String,java.lang.String,java.lang.String,java.lang.String,java.lang.String)[pri:0, instance:SignUp.e_t_e@619713e5]" started-at="2022-07-21T18:48:13 IST" name="end" data-provider="eData" finished-at="2022-07-21T18:48:28 IST" duration-ms="14432" status="PASS">
          <params>
            <param index="0">
              <value>
                <![CDATA[Tom]]>
              </value>
            </param>
            <param index="1">
              <value>
                <![CDATA[Jerry]]>
              </value>
            </param>
            <param index="2">
              <value>
                <![CDATA[tom_j@gmail.com]]>
              </value>
            </param>
            <param index="3">
              <value>
                <![CDATA[tomjer]]>
              </value>
            </param>
            <param index="4">
              <value>
                <![CDATA[0987654321]]>
              </value>
            </param>
            <param index="5">
              <value>
                <![CDATA[california]]>
              </value>
            </param>
            <param index="6">
              <value>
                <![CDATA[lv]]>
              </value>
            </param>
            <param index="7">
              <value>
                <![CDATA[Newyork]]>
              </value>
            </param>
            <param index="8">
              <value>
                <![CDATA[3]]>
              </value>
            </param>
          </params>
          <reporter-output>
          </reporter-output>
        </test-method> <!-- end -->
      </class> <!-- SignUp.e_t_e -->
    </test> <!-- Test -->
  </suite> <!-- Suite -->
</testng-results>
